2023-10-26 00:49:05 [INFO] - [31m[1mWARNING: This is a development server. Do not use it in a production deployment. Use a production WSGI server instead.[0m
 * Running on all addresses (0.0.0.0)
 * Running on http://127.0.0.1:10086
 * Running on http://192.168.1.5:10086
2023-10-26 00:49:05 [INFO] - [33mPress CTRL+C to quit[0m
2023-10-26 00:49:05 [ERROR] - An error occurred while fetching data for Monitor Mount Stand - Adjustable Single Arm Desk Vesa Mount with Clamp, Grommet Base, HDMI Cable for LCD LED Screens Up to 32 Inch, Gas Spring Articulating Full Motion Arm Holds Up to 17.6Lbs: 'NoneType' object has no attribute 'text'
2023-10-26 00:49:05 [ERROR] - An error occurred while fetching data for Monitor Mount Stand - Adjustable Single Arm Desk Vesa Mount with Clamp, Grommet Base, HDMI Cable for LCD LED Screens Up to 32 Inch, Gas Spring Articulating Full Motion Arm Holds Up to 17.6Lbs: 'NoneType' object has no attribute 'text'
2023-10-26 00:49:11 [ERROR] - An error occurred while fetching data for Monitor Mount Stand - Adjustable Single Arm Desk Vesa Mount with Clamp, Grommet Base, HDMI Cable for LCD LED Screens Up to 32 Inch, Gas Spring Articulating Full Motion Arm Holds Up to 17.6Lbs: 'NoneType' object has no attribute 'text'
2023-10-26 00:49:11 [ERROR] - An error occurred while fetching data for Monitor Mount Stand - Adjustable Single Arm Desk Vesa Mount with Clamp, Grommet Base, HDMI Cable for LCD LED Screens Up to 32 Inch, Gas Spring Articulating Full Motion Arm Holds Up to 17.6Lbs: 'NoneType' object has no attribute 'text'
2023-10-26 00:49:12 [ERROR] - An error occurred while fetching data for Monitor Mount Stand - Adjustable Single Arm Desk Vesa Mount with Clamp, Grommet Base, HDMI Cable for LCD LED Screens Up to 32 Inch, Gas Spring Articulating Full Motion Arm Holds Up to 17.6Lbs: 'NoneType' object has no attribute 'text'
2023-10-26 00:49:12 [ERROR] - An error occurred while fetching data for Monitor Mount Stand - Adjustable Single Arm Desk Vesa Mount with Clamp, Grommet Base, HDMI Cable for LCD LED Screens Up to 32 Inch, Gas Spring Articulating Full Motion Arm Holds Up to 17.6Lbs: 'NoneType' object has no attribute 'text'
2023-10-26 00:49:12 [ERROR] - An error occurred while fetching data for Monitor Mount Stand - Adjustable Single Arm Desk Vesa Mount with Clamp, Grommet Base, HDMI Cable for LCD LED Screens Up to 32 Inch, Gas Spring Articulating Full Motion Arm Holds Up to 17.6Lbs: 'NoneType' object has no attribute 'text'
2023-10-26 00:49:13 [ERROR] - An error occurred while fetching data for Monitor Mount Stand - Adjustable Single Arm Desk Vesa Mount with Clamp, Grommet Base, HDMI Cable for LCD LED Screens Up to 32 Inch, Gas Spring Articulating Full Motion Arm Holds Up to 17.6Lbs: 'NoneType' object has no attribute 'text'
2023-10-26 00:49:13 [ERROR] - An error occurred while fetching data for Monitor Mount Stand - Adjustable Single Arm Desk Vesa Mount with Clamp, Grommet Base, HDMI Cable for LCD LED Screens Up to 32 Inch, Gas Spring Articulating Full Motion Arm Holds Up to 17.6Lbs: 'NoneType' object has no attribute 'text'
2023-10-26 00:49:13 [ERROR] - An error occurred while fetching data for Monitor Mount Stand - Adjustable Single Arm Desk Vesa Mount with Clamp, Grommet Base, HDMI Cable for LCD LED Screens Up to 32 Inch, Gas Spring Articulating Full Motion Arm Holds Up to 17.6Lbs: 'NoneType' object has no attribute 'text'
2023-10-26 00:49:13 [ERROR] - An error occurred while fetching data for Monitor Mount Stand - Adjustable Single Arm Desk Vesa Mount with Clamp, Grommet Base, HDMI Cable for LCD LED Screens Up to 32 Inch, Gas Spring Articulating Full Motion Arm Holds Up to 17.6Lbs: 'NoneType' object has no attribute 'text'
2023-10-26 00:49:14 [ERROR] - An error occurred while fetching data for Monitor Mount Stand - Adjustable Single Arm Desk Vesa Mount with Clamp, Grommet Base, HDMI Cable for LCD LED Screens Up to 32 Inch, Gas Spring Articulating Full Motion Arm Holds Up to 17.6Lbs: 'NoneType' object has no attribute 'text'
2023-10-26 00:49:14 [ERROR] - An error occurred while fetching data for Monitor Mount Stand - Adjustable Single Arm Desk Vesa Mount with Clamp, Grommet Base, HDMI Cable for LCD LED Screens Up to 32 Inch, Gas Spring Articulating Full Motion Arm Holds Up to 17.6Lbs: 'NoneType' object has no attribute 'text'
2023-10-26 00:49:14 [ERROR] - An error occurred while fetching data for Monitor Mount Stand - Adjustable Single Arm Desk Vesa Mount with Clamp, Grommet Base, HDMI Cable for LCD LED Screens Up to 32 Inch, Gas Spring Articulating Full Motion Arm Holds Up to 17.6Lbs: 'NoneType' object has no attribute 'text'
2023-10-26 00:49:15 [ERROR] - An error occurred while fetching data for Monitor Mount Stand - Adjustable Single Arm Desk Vesa Mount with Clamp, Grommet Base, HDMI Cable for LCD LED Screens Up to 32 Inch, Gas Spring Articulating Full Motion Arm Holds Up to 17.6Lbs: 'NoneType' object has no attribute 'text'
2023-10-26 00:49:15 [ERROR] - An error occurred while fetching data for Monitor Mount Stand - Adjustable Single Arm Desk Vesa Mount with Clamp, Grommet Base, HDMI Cable for LCD LED Screens Up to 32 Inch, Gas Spring Articulating Full Motion Arm Holds Up to 17.6Lbs: 'NoneType' object has no attribute 'text'
2023-10-26 00:49:16 [ERROR] - An error occurred while fetching data for Monitor Mount Stand - Adjustable Single Arm Desk Vesa Mount with Clamp, Grommet Base, HDMI Cable for LCD LED Screens Up to 32 Inch, Gas Spring Articulating Full Motion Arm Holds Up to 17.6Lbs: 'NoneType' object has no attribute 'text'
2023-10-26 00:49:16 [ERROR] - An error occurred while fetching data for Monitor Mount Stand - Adjustable Single Arm Desk Vesa Mount with Clamp, Grommet Base, HDMI Cable for LCD LED Screens Up to 32 Inch, Gas Spring Articulating Full Motion Arm Holds Up to 17.6Lbs: 'NoneType' object has no attribute 'text'
2023-10-26 00:49:16 [ERROR] - An error occurred while fetching data for Monitor Mount Stand - Adjustable Single Arm Desk Vesa Mount with Clamp, Grommet Base, HDMI Cable for LCD LED Screens Up to 32 Inch, Gas Spring Articulating Full Motion Arm Holds Up to 17.6Lbs: 'NoneType' object has no attribute 'text'
2023-10-26 00:49:17 [ERROR] - An error occurred while fetching data for Monitor Mount Stand - Adjustable Single Arm Desk Vesa Mount with Clamp, Grommet Base, HDMI Cable for LCD LED Screens Up to 32 Inch, Gas Spring Articulating Full Motion Arm Holds Up to 17.6Lbs: 'NoneType' object has no attribute 'text'
2023-10-26 00:49:55 [ERROR] - An error occurred while fetching data for         realme narzo N53 (Feather Gold, 4GB+64GB) 33W Segment Fastest Charging | Slimmest Phone in Segment | 90 Hz Smooth Display       : 'NoneType' object has no attribute 'text'
2023-10-26 00:49:56 [ERROR] - An error occurred while fetching data for         realme narzo N53 (Feather Gold, 4GB+64GB) 33W Segment Fastest Charging | Slimmest Phone in Segment | 90 Hz Smooth Display       : 'NoneType' object has no attribute 'text'
2023-10-26 00:49:57 [ERROR] - An error occurred while fetching data for         realme narzo N53 (Feather Gold, 4GB+64GB) 33W Segment Fastest Charging | Slimmest Phone in Segment | 90 Hz Smooth Display       : 'NoneType' object has no attribute 'text'
2023-10-26 00:49:58 [ERROR] - An error occurred while fetching data for         realme narzo N53 (Feather Gold, 4GB+64GB) 33W Segment Fastest Charging | Slimmest Phone in Segment | 90 Hz Smooth Display       : 'NoneType' object has no attribute 'text'
2023-10-26 00:49:59 [ERROR] - An error occurred while fetching data for         realme narzo N53 (Feather Gold, 4GB+64GB) 33W Segment Fastest Charging | Slimmest Phone in Segment | 90 Hz Smooth Display       : 'NoneType' object has no attribute 'text'
2023-10-26 00:50:00 [ERROR] - An error occurred while fetching data for         realme narzo N53 (Feather Gold, 4GB+64GB) 33W Segment Fastest Charging | Slimmest Phone in Segment | 90 Hz Smooth Display       : 'NoneType' object has no attribute 'text'
2023-10-26 00:50:00 [ERROR] - An error occurred while fetching data for         realme narzo N53 (Feather Gold, 4GB+64GB) 33W Segment Fastest Charging | Slimmest Phone in Segment | 90 Hz Smooth Display       : 'NoneType' object has no attribute 'text'
2023-10-26 00:50:02 [ERROR] - An error occurred while fetching data for         realme narzo N53 (Feather Gold, 4GB+64GB) 33W Segment Fastest Charging | Slimmest Phone in Segment | 90 Hz Smooth Display       : 'NoneType' object has no attribute 'text'
2023-10-26 00:50:03 [ERROR] - An error occurred while fetching data for         realme narzo N53 (Feather Gold, 4GB+64GB) 33W Segment Fastest Charging | Slimmest Phone in Segment | 90 Hz Smooth Display       : 'NoneType' object has no attribute 'text'
2023-10-26 00:50:04 [ERROR] - An error occurred while fetching data for         realme narzo N53 (Feather Gold, 4GB+64GB) 33W Segment Fastest Charging | Slimmest Phone in Segment | 90 Hz Smooth Display       : 'NoneType' object has no attribute 'text'
2023-10-26 00:50:08 [INFO] - [31m[1mWARNING: This is a development server. Do not use it in a production deployment. Use a production WSGI server instead.[0m
 * Running on all addresses (0.0.0.0)
 * Running on http://127.0.0.1:10086
 * Running on http://192.168.1.5:10086
2023-10-26 00:50:08 [INFO] - [33mPress CTRL+C to quit[0m
2023-10-26 00:50:08 [INFO] -  * Restarting with stat
2023-10-26 00:50:09 [ERROR] - An error occurred while fetching data for Monitor Mount Stand - Adjustable Single Arm Desk Vesa Mount with Clamp, Grommet Base, HDMI Cable for LCD LED Screens Up to 32 Inch, Gas Spring Articulating Full Motion Arm Holds Up to 17.6Lbs: 'NoneType' object has no attribute 'text'
2023-10-26 00:50:09 [WARNING] -  * Debugger is active!
2023-10-26 00:50:09 [INFO] -  * Debugger PIN: 103-631-152
2023-10-26 00:50:09 [ERROR] - An error occurred while fetching data for Monitor Mount Stand - Adjustable Single Arm Desk Vesa Mount with Clamp, Grommet Base, HDMI Cable for LCD LED Screens Up to 32 Inch, Gas Spring Articulating Full Motion Arm Holds Up to 17.6Lbs: 'NoneType' object has no attribute 'text'
2023-10-26 00:50:09 [ERROR] - An error occurred while fetching data for Monitor Mount Stand - Adjustable Single Arm Desk Vesa Mount with Clamp, Grommet Base, HDMI Cable for LCD LED Screens Up to 32 Inch, Gas Spring Articulating Full Motion Arm Holds Up to 17.6Lbs: 'NoneType' object has no attribute 'text'
2023-10-26 00:50:10 [ERROR] - An error occurred while fetching data for Monitor Mount Stand - Adjustable Single Arm Desk Vesa Mount with Clamp, Grommet Base, HDMI Cable for LCD LED Screens Up to 32 Inch, Gas Spring Articulating Full Motion Arm Holds Up to 17.6Lbs: 'NoneType' object has no attribute 'text'
2023-10-26 00:50:10 [ERROR] - An error occurred while fetching data for Monitor Mount Stand - Adjustable Single Arm Desk Vesa Mount with Clamp, Grommet Base, HDMI Cable for LCD LED Screens Up to 32 Inch, Gas Spring Articulating Full Motion Arm Holds Up to 17.6Lbs: 'NoneType' object has no attribute 'text'
2023-10-26 00:50:10 [ERROR] - An error occurred while fetching data for Monitor Mount Stand - Adjustable Single Arm Desk Vesa Mount with Clamp, Grommet Base, HDMI Cable for LCD LED Screens Up to 32 Inch, Gas Spring Articulating Full Motion Arm Holds Up to 17.6Lbs: 'NoneType' object has no attribute 'text'
2023-10-26 00:50:10 [ERROR] - An error occurred while fetching data for Monitor Mount Stand - Adjustable Single Arm Desk Vesa Mount with Clamp, Grommet Base, HDMI Cable for LCD LED Screens Up to 32 Inch, Gas Spring Articulating Full Motion Arm Holds Up to 17.6Lbs: 'NoneType' object has no attribute 'text'
2023-10-26 00:50:10 [ERROR] - An error occurred while fetching data for Monitor Mount Stand - Adjustable Single Arm Desk Vesa Mount with Clamp, Grommet Base, HDMI Cable for LCD LED Screens Up to 32 Inch, Gas Spring Articulating Full Motion Arm Holds Up to 17.6Lbs: 'NoneType' object has no attribute 'text'
2023-10-26 00:50:10 [ERROR] - An error occurred while fetching data for Monitor Mount Stand - Adjustable Single Arm Desk Vesa Mount with Clamp, Grommet Base, HDMI Cable for LCD LED Screens Up to 32 Inch, Gas Spring Articulating Full Motion Arm Holds Up to 17.6Lbs: 'NoneType' object has no attribute 'text'
2023-10-26 00:50:11 [ERROR] - An error occurred while fetching data for Monitor Mount Stand - Adjustable Single Arm Desk Vesa Mount with Clamp, Grommet Base, HDMI Cable for LCD LED Screens Up to 32 Inch, Gas Spring Articulating Full Motion Arm Holds Up to 17.6Lbs: 'NoneType' object has no attribute 'text'
2023-10-26 00:50:11 [ERROR] - An error occurred while fetching data for Monitor Mount Stand - Adjustable Single Arm Desk Vesa Mount with Clamp, Grommet Base, HDMI Cable for LCD LED Screens Up to 32 Inch, Gas Spring Articulating Full Motion Arm Holds Up to 17.6Lbs: 'NoneType' object has no attribute 'text'
2023-10-26 00:50:11 [ERROR] - An error occurred while fetching data for Monitor Mount Stand - Adjustable Single Arm Desk Vesa Mount with Clamp, Grommet Base, HDMI Cable for LCD LED Screens Up to 32 Inch, Gas Spring Articulating Full Motion Arm Holds Up to 17.6Lbs: 'NoneType' object has no attribute 'text'
2023-10-26 00:50:12 [ERROR] - An error occurred while fetching data for Monitor Mount Stand - Adjustable Single Arm Desk Vesa Mount with Clamp, Grommet Base, HDMI Cable for LCD LED Screens Up to 32 Inch, Gas Spring Articulating Full Motion Arm Holds Up to 17.6Lbs: 'NoneType' object has no attribute 'text'
2023-10-26 00:50:12 [ERROR] - An error occurred while fetching data for Monitor Mount Stand - Adjustable Single Arm Desk Vesa Mount with Clamp, Grommet Base, HDMI Cable for LCD LED Screens Up to 32 Inch, Gas Spring Articulating Full Motion Arm Holds Up to 17.6Lbs: 'NoneType' object has no attribute 'text'
2023-10-26 00:50:12 [ERROR] - An error occurred while fetching data for Monitor Mount Stand - Adjustable Single Arm Desk Vesa Mount with Clamp, Grommet Base, HDMI Cable for LCD LED Screens Up to 32 Inch, Gas Spring Articulating Full Motion Arm Holds Up to 17.6Lbs: 'NoneType' object has no attribute 'text'
2023-10-26 00:50:12 [ERROR] - An error occurred while fetching data for Monitor Mount Stand - Adjustable Single Arm Desk Vesa Mount with Clamp, Grommet Base, HDMI Cable for LCD LED Screens Up to 32 Inch, Gas Spring Articulating Full Motion Arm Holds Up to 17.6Lbs: 'NoneType' object has no attribute 'text'
2023-10-26 00:50:13 [ERROR] - An error occurred while fetching data for Monitor Mount Stand - Adjustable Single Arm Desk Vesa Mount with Clamp, Grommet Base, HDMI Cable for LCD LED Screens Up to 32 Inch, Gas Spring Articulating Full Motion Arm Holds Up to 17.6Lbs: 'NoneType' object has no attribute 'text'
2023-10-26 00:50:13 [ERROR] - An error occurred while fetching data for VIVO Black Fully Adjustable 13 to 32 inch Single Computer Monitor and Laptop Desk Mount Combo, Stand with Grommet Option | Fits up to 17 inch Laptops (STAND-V002C): 'NoneType' object has no attribute 'text'
2023-10-26 00:50:13 [ERROR] - An error occurred while fetching data for Monitor Mount Stand - Adjustable Single Arm Desk Vesa Mount with Clamp, Grommet Base, HDMI Cable for LCD LED Screens Up to 32 Inch, Gas Spring Articulating Full Motion Arm Holds Up to 17.6Lbs: 'NoneType' object has no attribute 'text'
2023-10-26 00:50:13 [ERROR] - An error occurred while fetching data for VIVO Black Fully Adjustable 13 to 32 inch Single Computer Monitor and Laptop Desk Mount Combo, Stand with Grommet Option | Fits up to 17 inch Laptops (STAND-V002C): 'NoneType' object has no attribute 'text'
2023-10-26 00:50:13 [ERROR] - An error occurred while fetching data for Monitor Mount Stand - Adjustable Single Arm Desk Vesa Mount with Clamp, Grommet Base, HDMI Cable for LCD LED Screens Up to 32 Inch, Gas Spring Articulating Full Motion Arm Holds Up to 17.6Lbs: 'NoneType' object has no attribute 'text'
2023-10-26 00:50:14 [ERROR] - An error occurred while fetching data for VIVO Black Fully Adjustable 13 to 32 inch Single Computer Monitor and Laptop Desk Mount Combo, Stand with Grommet Option | Fits up to 17 inch Laptops (STAND-V002C): 'NoneType' object has no attribute 'text'
2023-10-26 00:50:14 [ERROR] - An error occurred while fetching data for Monitor Mount Stand - Adjustable Single Arm Desk Vesa Mount with Clamp, Grommet Base, HDMI Cable for LCD LED Screens Up to 32 Inch, Gas Spring Articulating Full Motion Arm Holds Up to 17.6Lbs: 'NoneType' object has no attribute 'text'
2023-10-26 00:50:14 [ERROR] - An error occurred while fetching data for VIVO Black Fully Adjustable 13 to 32 inch Single Computer Monitor and Laptop Desk Mount Combo, Stand with Grommet Option | Fits up to 17 inch Laptops (STAND-V002C): 'NoneType' object has no attribute 'text'
2023-10-26 00:50:14 [ERROR] - An error occurred while fetching data for Monitor Mount Stand - Adjustable Single Arm Desk Vesa Mount with Clamp, Grommet Base, HDMI Cable for LCD LED Screens Up to 32 Inch, Gas Spring Articulating Full Motion Arm Holds Up to 17.6Lbs: 'NoneType' object has no attribute 'text'
2023-10-26 00:50:14 [ERROR] - An error occurred while fetching data for VIVO Black Fully Adjustable 13 to 32 inch Single Computer Monitor and Laptop Desk Mount Combo, Stand with Grommet Option | Fits up to 17 inch Laptops (STAND-V002C): 'NoneType' object has no attribute 'text'
2023-10-26 00:50:14 [ERROR] - An error occurred while fetching data for Monitor Mount Stand - Adjustable Single Arm Desk Vesa Mount with Clamp, Grommet Base, HDMI Cable for LCD LED Screens Up to 32 Inch, Gas Spring Articulating Full Motion Arm Holds Up to 17.6Lbs: 'NoneType' object has no attribute 'text'
2023-10-26 00:50:14 [ERROR] - An error occurred while fetching data for VIVO Black Fully Adjustable 13 to 32 inch Single Computer Monitor and Laptop Desk Mount Combo, Stand with Grommet Option | Fits up to 17 inch Laptops (STAND-V002C): 'NoneType' object has no attribute 'text'
2023-10-26 00:50:15 [ERROR] - An error occurred while fetching data for Monitor Mount Stand - Adjustable Single Arm Desk Vesa Mount with Clamp, Grommet Base, HDMI Cable for LCD LED Screens Up to 32 Inch, Gas Spring Articulating Full Motion Arm Holds Up to 17.6Lbs: 'NoneType' object has no attribute 'text'
2023-10-26 00:50:15 [ERROR] - An error occurred while fetching data for VIVO Black Fully Adjustable 13 to 32 inch Single Computer Monitor and Laptop Desk Mount Combo, Stand with Grommet Option | Fits up to 17 inch Laptops (STAND-V002C): 'NoneType' object has no attribute 'text'
2023-10-26 00:50:15 [ERROR] - An error occurred while fetching data for Monitor Mount Stand - Adjustable Single Arm Desk Vesa Mount with Clamp, Grommet Base, HDMI Cable for LCD LED Screens Up to 32 Inch, Gas Spring Articulating Full Motion Arm Holds Up to 17.6Lbs: 'NoneType' object has no attribute 'text'
2023-10-26 00:50:15 [ERROR] - An error occurred while fetching data for VIVO Black Fully Adjustable 13 to 32 inch Single Computer Monitor and Laptop Desk Mount Combo, Stand with Grommet Option | Fits up to 17 inch Laptops (STAND-V002C): 'NoneType' object has no attribute 'text'
2023-10-26 00:50:15 [ERROR] - An error occurred while fetching data for Monitor Mount Stand - Adjustable Single Arm Desk Vesa Mount with Clamp, Grommet Base, HDMI Cable for LCD LED Screens Up to 32 Inch, Gas Spring Articulating Full Motion Arm Holds Up to 17.6Lbs: 'NoneType' object has no attribute 'text'
2023-10-26 00:50:15 [ERROR] - An error occurred while fetching data for VIVO Black Fully Adjustable 13 to 32 inch Single Computer Monitor and Laptop Desk Mount Combo, Stand with Grommet Option | Fits up to 17 inch Laptops (STAND-V002C): 'NoneType' object has no attribute 'text'
2023-10-26 00:50:15 [ERROR] - An error occurred while fetching data for Monitor Mount Stand - Adjustable Single Arm Desk Vesa Mount with Clamp, Grommet Base, HDMI Cable for LCD LED Screens Up to 32 Inch, Gas Spring Articulating Full Motion Arm Holds Up to 17.6Lbs: 'NoneType' object has no attribute 'text'
2023-10-26 00:50:15 [ERROR] - An error occurred while fetching data for VIVO Black Fully Adjustable 13 to 32 inch Single Computer Monitor and Laptop Desk Mount Combo, Stand with Grommet Option | Fits up to 17 inch Laptops (STAND-V002C): 'NoneType' object has no attribute 'text'
2023-10-26 00:50:16 [ERROR] - An error occurred while fetching data for Monitor Mount Stand - Adjustable Single Arm Desk Vesa Mount with Clamp, Grommet Base, HDMI Cable for LCD LED Screens Up to 32 Inch, Gas Spring Articulating Full Motion Arm Holds Up to 17.6Lbs: 'NoneType' object has no attribute 'text'
2023-10-26 00:50:16 [ERROR] - An error occurred while fetching data for VIVO Black Fully Adjustable 13 to 32 inch Single Computer Monitor and Laptop Desk Mount Combo, Stand with Grommet Option | Fits up to 17 inch Laptops (STAND-V002C): 'NoneType' object has no attribute 'text'
2023-10-26 00:50:16 [ERROR] - An error occurred while fetching data for Monitor Mount Stand - Adjustable Single Arm Desk Vesa Mount with Clamp, Grommet Base, HDMI Cable for LCD LED Screens Up to 32 Inch, Gas Spring Articulating Full Motion Arm Holds Up to 17.6Lbs: 'NoneType' object has no attribute 'text'
2023-10-26 00:50:16 [ERROR] - An error occurred while fetching data for VIVO Black Fully Adjustable 13 to 32 inch Single Computer Monitor and Laptop Desk Mount Combo, Stand with Grommet Option | Fits up to 17 inch Laptops (STAND-V002C): 'NoneType' object has no attribute 'text'
2023-10-26 00:50:16 [ERROR] - An error occurred while fetching data for Monitor Mount Stand - Adjustable Single Arm Desk Vesa Mount with Clamp, Grommet Base, HDMI Cable for LCD LED Screens Up to 32 Inch, Gas Spring Articulating Full Motion Arm Holds Up to 17.6Lbs: 'NoneType' object has no attribute 'text'
2023-10-26 00:50:16 [ERROR] - An error occurred while fetching data for VIVO Black Fully Adjustable 13 to 32 inch Single Computer Monitor and Laptop Desk Mount Combo, Stand with Grommet Option | Fits up to 17 inch Laptops (STAND-V002C): 'NoneType' object has no attribute 'text'
2023-10-26 00:50:17 [ERROR] - An error occurred while fetching data for Monitor Mount Stand - Adjustable Single Arm Desk Vesa Mount with Clamp, Grommet Base, HDMI Cable for LCD LED Screens Up to 32 Inch, Gas Spring Articulating Full Motion Arm Holds Up to 17.6Lbs: 'NoneType' object has no attribute 'text'
2023-10-26 00:50:17 [ERROR] - An error occurred while fetching data for VIVO Black Fully Adjustable 13 to 32 inch Single Computer Monitor and Laptop Desk Mount Combo, Stand with Grommet Option | Fits up to 17 inch Laptops (STAND-V002C): 'NoneType' object has no attribute 'text'
2023-10-26 00:50:17 [ERROR] - An error occurred while fetching data for Monitor Mount Stand - Adjustable Single Arm Desk Vesa Mount with Clamp, Grommet Base, HDMI Cable for LCD LED Screens Up to 32 Inch, Gas Spring Articulating Full Motion Arm Holds Up to 17.6Lbs: 'NoneType' object has no attribute 'text'
2023-10-26 00:50:17 [ERROR] - An error occurred while fetching data for VIVO Black Fully Adjustable 13 to 32 inch Single Computer Monitor and Laptop Desk Mount Combo, Stand with Grommet Option | Fits up to 17 inch Laptops (STAND-V002C): 'NoneType' object has no attribute 'text'
2023-10-26 00:50:17 [ERROR] - An error occurred while fetching data for Monitor Mount Stand - Adjustable Single Arm Desk Vesa Mount with Clamp, Grommet Base, HDMI Cable for LCD LED Screens Up to 32 Inch, Gas Spring Articulating Full Motion Arm Holds Up to 17.6Lbs: 'NoneType' object has no attribute 'text'
2023-10-26 00:50:17 [ERROR] - An error occurred while fetching data for Monitor Mount Stand - Adjustable Single Arm Desk Vesa Mount with Clamp, Grommet Base, HDMI Cable for LCD LED Screens Up to 32 Inch, Gas Spring Articulating Full Motion Arm Holds Up to 17.6Lbs: 'NoneType' object has no attribute 'text'
2023-10-26 00:50:18 [ERROR] - An error occurred while fetching data for Monitor Mount Stand - Adjustable Single Arm Desk Vesa Mount with Clamp, Grommet Base, HDMI Cable for LCD LED Screens Up to 32 Inch, Gas Spring Articulating Full Motion Arm Holds Up to 17.6Lbs: 'NoneType' object has no attribute 'text'
2023-10-26 00:50:18 [ERROR] - An error occurred while fetching data for Monitor Mount Stand - Adjustable Single Arm Desk Vesa Mount with Clamp, Grommet Base, HDMI Cable for LCD LED Screens Up to 32 Inch, Gas Spring Articulating Full Motion Arm Holds Up to 17.6Lbs: 'NoneType' object has no attribute 'text'
2023-10-26 00:50:18 [ERROR] - An error occurred while fetching data for Monitor Mount Stand - Adjustable Single Arm Desk Vesa Mount with Clamp, Grommet Base, HDMI Cable for LCD LED Screens Up to 32 Inch, Gas Spring Articulating Full Motion Arm Holds Up to 17.6Lbs: 'NoneType' object has no attribute 'text'
2023-10-26 00:50:19 [ERROR] - An error occurred while fetching data for Monitor Mount Stand - Adjustable Single Arm Desk Vesa Mount with Clamp, Grommet Base, HDMI Cable for LCD LED Screens Up to 32 Inch, Gas Spring Articulating Full Motion Arm Holds Up to 17.6Lbs: 'NoneType' object has no attribute 'text'
2023-10-26 00:50:19 [ERROR] - An error occurred while fetching data for Monitor Mount Stand - Adjustable Single Arm Desk Vesa Mount with Clamp, Grommet Base, HDMI Cable for LCD LED Screens Up to 32 Inch, Gas Spring Articulating Full Motion Arm Holds Up to 17.6Lbs: 'NoneType' object has no attribute 'text'
2023-10-26 00:50:19 [ERROR] - An error occurred while fetching data for Monitor Mount Stand - Adjustable Single Arm Desk Vesa Mount with Clamp, Grommet Base, HDMI Cable for LCD LED Screens Up to 32 Inch, Gas Spring Articulating Full Motion Arm Holds Up to 17.6Lbs: 'NoneType' object has no attribute 'text'
2023-10-26 00:50:19 [ERROR] - An error occurred while fetching data for Monitor Mount Stand - Adjustable Single Arm Desk Vesa Mount with Clamp, Grommet Base, HDMI Cable for LCD LED Screens Up to 32 Inch, Gas Spring Articulating Full Motion Arm Holds Up to 17.6Lbs: 'NoneType' object has no attribute 'text'
2023-10-26 00:50:20 [ERROR] - An error occurred while fetching data for Monitor Mount Stand - Adjustable Single Arm Desk Vesa Mount with Clamp, Grommet Base, HDMI Cable for LCD LED Screens Up to 32 Inch, Gas Spring Articulating Full Motion Arm Holds Up to 17.6Lbs: 'NoneType' object has no attribute 'text'
2023-10-26 00:50:20 [ERROR] - An error occurred while fetching data for Monitor Mount Stand - Adjustable Single Arm Desk Vesa Mount with Clamp, Grommet Base, HDMI Cable for LCD LED Screens Up to 32 Inch, Gas Spring Articulating Full Motion Arm Holds Up to 17.6Lbs: 'NoneType' object has no attribute 'text'
2023-10-26 00:50:20 [ERROR] - An error occurred while fetching data for Monitor Mount Stand - Adjustable Single Arm Desk Vesa Mount with Clamp, Grommet Base, HDMI Cable for LCD LED Screens Up to 32 Inch, Gas Spring Articulating Full Motion Arm Holds Up to 17.6Lbs: 'NoneType' object has no attribute 'text'
2023-10-26 00:50:20 [ERROR] - An error occurred while fetching data for Razer Goliathus Extended Chroma Gaming Mousepad: Customizable Chroma RGB Lighting - Soft, Cloth Material - Balanced Control & Speed - Non-Slip Rubber Base - Classic Black, Wide: 'NoneType' object has no attribute 'text'
2023-10-26 00:50:21 [ERROR] - An error occurred while fetching data for Monitor Mount Stand - Adjustable Single Arm Desk Vesa Mount with Clamp, Grommet Base, HDMI Cable for LCD LED Screens Up to 32 Inch, Gas Spring Articulating Full Motion Arm Holds Up to 17.6Lbs: 'NoneType' object has no attribute 'text'
2023-10-26 00:50:21 [ERROR] - An error occurred while fetching data for Razer Goliathus Extended Chroma Gaming Mousepad: Customizable Chroma RGB Lighting - Soft, Cloth Material - Balanced Control & Speed - Non-Slip Rubber Base - Classic Black, Wide: 'NoneType' object has no attribute 'text'
2023-10-26 00:50:21 [ERROR] - An error occurred while fetching data for Monitor Mount Stand - Adjustable Single Arm Desk Vesa Mount with Clamp, Grommet Base, HDMI Cable for LCD LED Screens Up to 32 Inch, Gas Spring Articulating Full Motion Arm Holds Up to 17.6Lbs: 'NoneType' object has no attribute 'text'
2023-10-26 00:50:21 [ERROR] - An error occurred while fetching data for Razer Goliathus Extended Chroma Gaming Mousepad: Customizable Chroma RGB Lighting - Soft, Cloth Material - Balanced Control & Speed - Non-Slip Rubber Base - Classic Black, Wide: 'NoneType' object has no attribute 'text'
2023-10-26 00:50:21 [ERROR] - An error occurred while fetching data for Monitor Mount Stand - Adjustable Single Arm Desk Vesa Mount with Clamp, Grommet Base, HDMI Cable for LCD LED Screens Up to 32 Inch, Gas Spring Articulating Full Motion Arm Holds Up to 17.6Lbs: 'NoneType' object has no attribute 'text'
2023-10-26 00:50:21 [ERROR] - An error occurred while fetching data for Razer Goliathus Extended Chroma Gaming Mousepad: Customizable Chroma RGB Lighting - Soft, Cloth Material - Balanced Control & Speed - Non-Slip Rubber Base - Classic Black, Wide: 'NoneType' object has no attribute 'text'
2023-10-26 00:50:21 [ERROR] - An error occurred while fetching data for Monitor Mount Stand - Adjustable Single Arm Desk Vesa Mount with Clamp, Grommet Base, HDMI Cable for LCD LED Screens Up to 32 Inch, Gas Spring Articulating Full Motion Arm Holds Up to 17.6Lbs: 'NoneType' object has no attribute 'text'
2023-10-26 00:50:21 [ERROR] - An error occurred while fetching data for Razer Goliathus Extended Chroma Gaming Mousepad: Customizable Chroma RGB Lighting - Soft, Cloth Material - Balanced Control & Speed - Non-Slip Rubber Base - Classic Black, Wide: 'NoneType' object has no attribute 'text'
2023-10-26 00:50:22 [ERROR] - An error occurred while fetching data for Monitor Mount Stand - Adjustable Single Arm Desk Vesa Mount with Clamp, Grommet Base, HDMI Cable for LCD LED Screens Up to 32 Inch, Gas Spring Articulating Full Motion Arm Holds Up to 17.6Lbs: 'NoneType' object has no attribute 'text'
2023-10-26 00:50:22 [ERROR] - An error occurred while fetching data for Razer Goliathus Extended Chroma Gaming Mousepad: Customizable Chroma RGB Lighting - Soft, Cloth Material - Balanced Control & Speed - Non-Slip Rubber Base - Classic Black, Wide: 'NoneType' object has no attribute 'text'
2023-10-26 00:50:22 [ERROR] - An error occurred while fetching data for Monitor Mount Stand - Adjustable Single Arm Desk Vesa Mount with Clamp, Grommet Base, HDMI Cable for LCD LED Screens Up to 32 Inch, Gas Spring Articulating Full Motion Arm Holds Up to 17.6Lbs: 'NoneType' object has no attribute 'text'
2023-10-26 00:50:22 [ERROR] - An error occurred while fetching data for Razer Goliathus Extended Chroma Gaming Mousepad: Customizable Chroma RGB Lighting - Soft, Cloth Material - Balanced Control & Speed - Non-Slip Rubber Base - Classic Black, Wide: 'NoneType' object has no attribute 'text'
2023-10-26 00:50:22 [ERROR] - An error occurred while fetching data for Monitor Mount Stand - Adjustable Single Arm Desk Vesa Mount with Clamp, Grommet Base, HDMI Cable for LCD LED Screens Up to 32 Inch, Gas Spring Articulating Full Motion Arm Holds Up to 17.6Lbs: 'NoneType' object has no attribute 'text'
2023-10-26 00:50:22 [ERROR] - An error occurred while fetching data for Razer Goliathus Extended Chroma Gaming Mousepad: Customizable Chroma RGB Lighting - Soft, Cloth Material - Balanced Control & Speed - Non-Slip Rubber Base - Classic Black, Wide: 'NoneType' object has no attribute 'text'
2023-10-26 00:50:22 [ERROR] - An error occurred while fetching data for Monitor Mount Stand - Adjustable Single Arm Desk Vesa Mount with Clamp, Grommet Base, HDMI Cable for LCD LED Screens Up to 32 Inch, Gas Spring Articulating Full Motion Arm Holds Up to 17.6Lbs: 'NoneType' object has no attribute 'text'
2023-10-26 00:50:23 [ERROR] - An error occurred while fetching data for Razer Goliathus Extended Chroma Gaming Mousepad: Customizable Chroma RGB Lighting - Soft, Cloth Material - Balanced Control & Speed - Non-Slip Rubber Base - Classic Black, Wide: 'NoneType' object has no attribute 'text'
2023-10-26 00:50:23 [ERROR] - An error occurred while fetching data for Monitor Mount Stand - Adjustable Single Arm Desk Vesa Mount with Clamp, Grommet Base, HDMI Cable for LCD LED Screens Up to 32 Inch, Gas Spring Articulating Full Motion Arm Holds Up to 17.6Lbs: 'NoneType' object has no attribute 'text'
2023-10-26 00:50:23 [ERROR] - An error occurred while fetching data for Razer Goliathus Extended Chroma Gaming Mousepad: Customizable Chroma RGB Lighting - Soft, Cloth Material - Balanced Control & Speed - Non-Slip Rubber Base - Classic Black, Wide: 'NoneType' object has no attribute 'text'
2023-10-26 00:50:23 [ERROR] - An error occurred while fetching data for Monitor Mount Stand - Adjustable Single Arm Desk Vesa Mount with Clamp, Grommet Base, HDMI Cable for LCD LED Screens Up to 32 Inch, Gas Spring Articulating Full Motion Arm Holds Up to 17.6Lbs: 'NoneType' object has no attribute 'text'
2023-10-26 00:50:23 [ERROR] - An error occurred while fetching data for Razer Goliathus Extended Chroma Gaming Mousepad: Customizable Chroma RGB Lighting - Soft, Cloth Material - Balanced Control & Speed - Non-Slip Rubber Base - Classic Black, Wide: 'NoneType' object has no attribute 'text'
2023-10-26 00:50:23 [ERROR] - An error occurred while fetching data for Monitor Mount Stand - Adjustable Single Arm Desk Vesa Mount with Clamp, Grommet Base, HDMI Cable for LCD LED Screens Up to 32 Inch, Gas Spring Articulating Full Motion Arm Holds Up to 17.6Lbs: 'NoneType' object has no attribute 'text'
2023-10-26 00:50:23 [ERROR] - An error occurred while fetching data for Razer Goliathus Extended Chroma Gaming Mousepad: Customizable Chroma RGB Lighting - Soft, Cloth Material - Balanced Control & Speed - Non-Slip Rubber Base - Classic Black, Wide: 'NoneType' object has no attribute 'text'
2023-10-26 00:50:24 [ERROR] - An error occurred while fetching data for Monitor Mount Stand - Adjustable Single Arm Desk Vesa Mount with Clamp, Grommet Base, HDMI Cable for LCD LED Screens Up to 32 Inch, Gas Spring Articulating Full Motion Arm Holds Up to 17.6Lbs: 'NoneType' object has no attribute 'text'
2023-10-26 00:50:24 [ERROR] - An error occurred while fetching data for Razer Goliathus Extended Chroma Gaming Mousepad: Customizable Chroma RGB Lighting - Soft, Cloth Material - Balanced Control & Speed - Non-Slip Rubber Base - Classic Black, Wide: 'NoneType' object has no attribute 'text'
2023-10-26 00:50:25 [ERROR] - An error occurred while fetching data for Monitor Mount Stand - Adjustable Single Arm Desk Vesa Mount with Clamp, Grommet Base, HDMI Cable for LCD LED Screens Up to 32 Inch, Gas Spring Articulating Full Motion Arm Holds Up to 17.6Lbs: 'NoneType' object has no attribute 'text'
2023-10-26 00:50:25 [ERROR] - An error occurred while fetching data for Razer Goliathus Extended Chroma Gaming Mousepad: Customizable Chroma RGB Lighting - Soft, Cloth Material - Balanced Control & Speed - Non-Slip Rubber Base - Classic Black, Wide: 'NoneType' object has no attribute 'text'
2023-10-26 00:50:25 [ERROR] - An error occurred while fetching data for Monitor Mount Stand - Adjustable Single Arm Desk Vesa Mount with Clamp, Grommet Base, HDMI Cable for LCD LED Screens Up to 32 Inch, Gas Spring Articulating Full Motion Arm Holds Up to 17.6Lbs: 'NoneType' object has no attribute 'text'
2023-10-26 00:50:25 [ERROR] - An error occurred while fetching data for Razer Goliathus Extended Chroma Gaming Mousepad: Customizable Chroma RGB Lighting - Soft, Cloth Material - Balanced Control & Speed - Non-Slip Rubber Base - Classic Black, Wide: 'NoneType' object has no attribute 'text'
2023-10-26 00:50:25 [ERROR] - An error occurred while fetching data for Monitor Mount Stand - Adjustable Single Arm Desk Vesa Mount with Clamp, Grommet Base, HDMI Cable for LCD LED Screens Up to 32 Inch, Gas Spring Articulating Full Motion Arm Holds Up to 17.6Lbs: 'NoneType' object has no attribute 'text'
2023-10-26 00:50:25 [ERROR] - An error occurred while fetching data for Razer Goliathus Extended Chroma Gaming Mousepad: Customizable Chroma RGB Lighting - Soft, Cloth Material - Balanced Control & Speed - Non-Slip Rubber Base - Classic Black, Wide: 'NoneType' object has no attribute 'text'
2023-10-26 00:50:25 [ERROR] - An error occurred while fetching data for Monitor Mount Stand - Adjustable Single Arm Desk Vesa Mount with Clamp, Grommet Base, HDMI Cable for LCD LED Screens Up to 32 Inch, Gas Spring Articulating Full Motion Arm Holds Up to 17.6Lbs: 'NoneType' object has no attribute 'text'
2023-10-26 00:50:25 [ERROR] - An error occurred while fetching data for Razer Goliathus Extended Chroma Gaming Mousepad: Customizable Chroma RGB Lighting - Soft, Cloth Material - Balanced Control & Speed - Non-Slip Rubber Base - Classic Black, Wide: 'NoneType' object has no attribute 'text'
2023-10-26 00:50:26 [ERROR] - An error occurred while fetching data for Monitor Mount Stand - Adjustable Single Arm Desk Vesa Mount with Clamp, Grommet Base, HDMI Cable for LCD LED Screens Up to 32 Inch, Gas Spring Articulating Full Motion Arm Holds Up to 17.6Lbs: 'NoneType' object has no attribute 'text'
2023-10-26 00:50:26 [ERROR] - An error occurred while fetching data for Razer Goliathus Extended Chroma Gaming Mousepad: Customizable Chroma RGB Lighting - Soft, Cloth Material - Balanced Control & Speed - Non-Slip Rubber Base - Classic Black, Wide: 'NoneType' object has no attribute 'text'
2023-10-26 00:50:26 [ERROR] - An error occurred while fetching data for Monitor Mount Stand - Adjustable Single Arm Desk Vesa Mount with Clamp, Grommet Base, HDMI Cable for LCD LED Screens Up to 32 Inch, Gas Spring Articulating Full Motion Arm Holds Up to 17.6Lbs: 'NoneType' object has no attribute 'text'
2023-10-26 00:50:26 [ERROR] - An error occurred while fetching data for Razer Goliathus Extended Chroma Gaming Mousepad: Customizable Chroma RGB Lighting - Soft, Cloth Material - Balanced Control & Speed - Non-Slip Rubber Base - Classic Black, Wide: 'NoneType' object has no attribute 'text'
2023-10-26 00:50:26 [ERROR] - An error occurred while fetching data for Monitor Mount Stand - Adjustable Single Arm Desk Vesa Mount with Clamp, Grommet Base, HDMI Cable for LCD LED Screens Up to 32 Inch, Gas Spring Articulating Full Motion Arm Holds Up to 17.6Lbs: 'NoneType' object has no attribute 'text'
2023-10-26 00:50:26 [ERROR] - An error occurred while fetching data for Razer Goliathus Extended Chroma Gaming Mousepad: Customizable Chroma RGB Lighting - Soft, Cloth Material - Balanced Control & Speed - Non-Slip Rubber Base - Classic Black, Wide: 'NoneType' object has no attribute 'text'
2023-10-26 00:50:27 [ERROR] - An error occurred while fetching data for Monitor Mount Stand - Adjustable Single Arm Desk Vesa Mount with Clamp, Grommet Base, HDMI Cable for LCD LED Screens Up to 32 Inch, Gas Spring Articulating Full Motion Arm Holds Up to 17.6Lbs: 'NoneType' object has no attribute 'text'
2023-10-26 00:50:27 [ERROR] - An error occurred while fetching data for Razer Goliathus Extended Chroma Gaming Mousepad: Customizable Chroma RGB Lighting - Soft, Cloth Material - Balanced Control & Speed - Non-Slip Rubber Base - Classic Black, Wide: 'NoneType' object has no attribute 'text'
2023-10-26 00:50:27 [ERROR] - An error occurred while fetching data for Monitor Mount Stand - Adjustable Single Arm Desk Vesa Mount with Clamp, Grommet Base, HDMI Cable for LCD LED Screens Up to 32 Inch, Gas Spring Articulating Full Motion Arm Holds Up to 17.6Lbs: 'NoneType' object has no attribute 'text'
2023-10-26 00:50:27 [ERROR] - An error occurred while fetching data for Razer Goliathus Extended Chroma Gaming Mousepad: Customizable Chroma RGB Lighting - Soft, Cloth Material - Balanced Control & Speed - Non-Slip Rubber Base - Classic Black, Wide: 'NoneType' object has no attribute 'text'
2023-10-26 00:50:27 [ERROR] - An error occurred while fetching data for Razer Goliathus Extended Chroma Gaming Mousepad: Customizable Chroma RGB Lighting - Soft, Cloth Material - Balanced Control & Speed - Non-Slip Rubber Base - Classic Black, Wide: 'NoneType' object has no attribute 'text'
2023-10-26 00:50:27 [ERROR] - An error occurred while fetching data for Razer Goliathus Extended Chroma Gaming Mousepad: Customizable Chroma RGB Lighting - Soft, Cloth Material - Balanced Control & Speed - Non-Slip Rubber Base - Classic Black, Wide: 'NoneType' object has no attribute 'text'
2023-10-26 00:50:28 [ERROR] - An error occurred while fetching data for Razer Goliathus Extended Chroma Gaming Mousepad: Customizable Chroma RGB Lighting - Soft, Cloth Material - Balanced Control & Speed - Non-Slip Rubber Base - Classic Black, Wide: 'NoneType' object has no attribute 'text'
2023-10-26 00:50:28 [ERROR] - An error occurred while fetching data for Razer Goliathus Extended Chroma Gaming Mousepad: Customizable Chroma RGB Lighting - Soft, Cloth Material - Balanced Control & Speed - Non-Slip Rubber Base - Classic Black, Wide: 'NoneType' object has no attribute 'text'
2023-10-26 00:50:28 [ERROR] - An error occurred while fetching data for Razer Goliathus Extended Chroma Gaming Mousepad: Customizable Chroma RGB Lighting - Soft, Cloth Material - Balanced Control & Speed - Non-Slip Rubber Base - Classic Black, Wide: 'NoneType' object has no attribute 'text'
2023-10-26 00:50:29 [ERROR] - An error occurred while fetching data for Razer Goliathus Extended Chroma Gaming Mousepad: Customizable Chroma RGB Lighting - Soft, Cloth Material - Balanced Control & Speed - Non-Slip Rubber Base - Classic Black, Wide: 'NoneType' object has no attribute 'text'
2023-10-26 00:50:29 [ERROR] - An error occurred while fetching data for Razer Goliathus Extended Chroma Gaming Mousepad: Customizable Chroma RGB Lighting - Soft, Cloth Material - Balanced Control & Speed - Non-Slip Rubber Base - Classic Black, Wide: 'NoneType' object has no attribute 'text'
2023-10-26 00:50:29 [ERROR] - An error occurred while fetching data for Razer Goliathus Extended Chroma Gaming Mousepad: Customizable Chroma RGB Lighting - Soft, Cloth Material - Balanced Control & Speed - Non-Slip Rubber Base - Classic Black, Wide: 'NoneType' object has no attribute 'text'
2023-10-26 00:50:29 [ERROR] - An error occurred while fetching data for Razer Goliathus Extended Chroma Gaming Mousepad: Customizable Chroma RGB Lighting - Soft, Cloth Material - Balanced Control & Speed - Non-Slip Rubber Base - Classic Black, Wide: 'NoneType' object has no attribute 'text'
2023-10-26 00:50:30 [ERROR] - An error occurred while fetching data for Razer Goliathus Extended Chroma Gaming Mousepad: Customizable Chroma RGB Lighting - Soft, Cloth Material - Balanced Control & Speed - Non-Slip Rubber Base - Classic Black, Wide: 'NoneType' object has no attribute 'text'
2023-10-26 00:50:30 [ERROR] - An error occurred while fetching data for VIVO Black Fully Adjustable 13 to 32 inch Single Computer Monitor and Laptop Desk Mount Combo, Stand with Grommet Option | Fits up to 17 inch Laptops (STAND-V002C): 'NoneType' object has no attribute 'text'
2023-10-26 00:50:30 [ERROR] - An error occurred while fetching data for Razer Goliathus Extended Chroma Gaming Mousepad: Customizable Chroma RGB Lighting - Soft, Cloth Material - Balanced Control & Speed - Non-Slip Rubber Base - Classic Black, Wide: 'NoneType' object has no attribute 'text'
2023-10-26 00:50:30 [ERROR] - An error occurred while fetching data for VIVO Black Fully Adjustable 13 to 32 inch Single Computer Monitor and Laptop Desk Mount Combo, Stand with Grommet Option | Fits up to 17 inch Laptops (STAND-V002C): 'NoneType' object has no attribute 'text'
2023-10-26 00:50:30 [ERROR] - An error occurred while fetching data for Razer Goliathus Extended Chroma Gaming Mousepad: Customizable Chroma RGB Lighting - Soft, Cloth Material - Balanced Control & Speed - Non-Slip Rubber Base - Classic Black, Wide: 'NoneType' object has no attribute 'text'
2023-10-26 00:50:30 [ERROR] - An error occurred while fetching data for VIVO Black Fully Adjustable 13 to 32 inch Single Computer Monitor and Laptop Desk Mount Combo, Stand with Grommet Option | Fits up to 17 inch Laptops (STAND-V002C): 'NoneType' object has no attribute 'text'
2023-10-26 00:50:31 [ERROR] - An error occurred while fetching data for Razer Goliathus Extended Chroma Gaming Mousepad: Customizable Chroma RGB Lighting - Soft, Cloth Material - Balanced Control & Speed - Non-Slip Rubber Base - Classic Black, Wide: 'NoneType' object has no attribute 'text'
2023-10-26 00:50:31 [ERROR] - An error occurred while fetching data for VIVO Black Fully Adjustable 13 to 32 inch Single Computer Monitor and Laptop Desk Mount Combo, Stand with Grommet Option | Fits up to 17 inch Laptops (STAND-V002C): 'NoneType' object has no attribute 'text'
2023-10-26 00:50:31 [ERROR] - An error occurred while fetching data for Razer Goliathus Extended Chroma Gaming Mousepad: Customizable Chroma RGB Lighting - Soft, Cloth Material - Balanced Control & Speed - Non-Slip Rubber Base - Classic Black, Wide: 'NoneType' object has no attribute 'text'
2023-10-26 00:50:31 [ERROR] - An error occurred while fetching data for VIVO Black Fully Adjustable 13 to 32 inch Single Computer Monitor and Laptop Desk Mount Combo, Stand with Grommet Option | Fits up to 17 inch Laptops (STAND-V002C): 'NoneType' object has no attribute 'text'
2023-10-26 00:50:31 [ERROR] - An error occurred while fetching data for Razer Goliathus Extended Chroma Gaming Mousepad: Customizable Chroma RGB Lighting - Soft, Cloth Material - Balanced Control & Speed - Non-Slip Rubber Base - Classic Black, Wide: 'NoneType' object has no attribute 'text'
2023-10-26 00:50:31 [ERROR] - An error occurred while fetching data for VIVO Black Fully Adjustable 13 to 32 inch Single Computer Monitor and Laptop Desk Mount Combo, Stand with Grommet Option | Fits up to 17 inch Laptops (STAND-V002C): 'NoneType' object has no attribute 'text'
2023-10-26 00:50:31 [ERROR] - An error occurred while fetching data for Razer Goliathus Extended Chroma Gaming Mousepad: Customizable Chroma RGB Lighting - Soft, Cloth Material - Balanced Control & Speed - Non-Slip Rubber Base - Classic Black, Wide: 'NoneType' object has no attribute 'text'
2023-10-26 00:50:31 [ERROR] - An error occurred while fetching data for VIVO Black Fully Adjustable 13 to 32 inch Single Computer Monitor and Laptop Desk Mount Combo, Stand with Grommet Option | Fits up to 17 inch Laptops (STAND-V002C): 'NoneType' object has no attribute 'text'
2023-10-26 00:50:32 [ERROR] - An error occurred while fetching data for Razer Goliathus Extended Chroma Gaming Mousepad: Customizable Chroma RGB Lighting - Soft, Cloth Material - Balanced Control & Speed - Non-Slip Rubber Base - Classic Black, Wide: 'NoneType' object has no attribute 'text'
2023-10-26 00:50:32 [ERROR] - An error occurred while fetching data for VIVO Black Fully Adjustable 13 to 32 inch Single Computer Monitor and Laptop Desk Mount Combo, Stand with Grommet Option | Fits up to 17 inch Laptops (STAND-V002C): 'NoneType' object has no attribute 'text'
2023-10-26 00:50:32 [ERROR] - An error occurred while fetching data for Razer Goliathus Extended Chroma Gaming Mousepad: Customizable Chroma RGB Lighting - Soft, Cloth Material - Balanced Control & Speed - Non-Slip Rubber Base - Classic Black, Wide: 'NoneType' object has no attribute 'text'
2023-10-26 00:50:32 [ERROR] - An error occurred while fetching data for VIVO Black Fully Adjustable 13 to 32 inch Single Computer Monitor and Laptop Desk Mount Combo, Stand with Grommet Option | Fits up to 17 inch Laptops (STAND-V002C): 'NoneType' object has no attribute 'text'
2023-10-26 00:50:32 [ERROR] - An error occurred while fetching data for Razer Goliathus Extended Chroma Gaming Mousepad: Customizable Chroma RGB Lighting - Soft, Cloth Material - Balanced Control & Speed - Non-Slip Rubber Base - Classic Black, Wide: 'NoneType' object has no attribute 'text'
2023-10-26 00:50:32 [ERROR] - An error occurred while fetching data for VIVO Black Fully Adjustable 13 to 32 inch Single Computer Monitor and Laptop Desk Mount Combo, Stand with Grommet Option | Fits up to 17 inch Laptops (STAND-V002C): 'NoneType' object has no attribute 'text'
2023-10-26 00:50:33 [ERROR] - An error occurred while fetching data for VIVO Black Fully Adjustable 13 to 32 inch Single Computer Monitor and Laptop Desk Mount Combo, Stand with Grommet Option | Fits up to 17 inch Laptops (STAND-V002C): 'NoneType' object has no attribute 'text'
2023-10-26 00:50:33 [ERROR] - An error occurred while fetching data for Razer Goliathus Extended Chroma Gaming Mousepad: Customizable Chroma RGB Lighting - Soft, Cloth Material - Balanced Control & Speed - Non-Slip Rubber Base - Classic Black, Wide: 'NoneType' object has no attribute 'text'
2023-10-26 00:50:33 [ERROR] - An error occurred while fetching data for VIVO Black Fully Adjustable 13 to 32 inch Single Computer Monitor and Laptop Desk Mount Combo, Stand with Grommet Option | Fits up to 17 inch Laptops (STAND-V002C): 'NoneType' object has no attribute 'text'
2023-10-26 00:50:33 [ERROR] - An error occurred while fetching data for Razer Goliathus Extended Chroma Gaming Mousepad: Customizable Chroma RGB Lighting - Soft, Cloth Material - Balanced Control & Speed - Non-Slip Rubber Base - Classic Black, Wide: 'NoneType' object has no attribute 'text'
2023-10-26 00:50:33 [ERROR] - An error occurred while fetching data for VIVO Black Fully Adjustable 13 to 32 inch Single Computer Monitor and Laptop Desk Mount Combo, Stand with Grommet Option | Fits up to 17 inch Laptops (STAND-V002C): 'NoneType' object has no attribute 'text'
2023-10-26 00:50:33 [ERROR] - An error occurred while fetching data for Razer Goliathus Extended Chroma Gaming Mousepad: Customizable Chroma RGB Lighting - Soft, Cloth Material - Balanced Control & Speed - Non-Slip Rubber Base - Classic Black, Wide: 'NoneType' object has no attribute 'text'
2023-10-26 00:50:33 [ERROR] - An error occurred while fetching data for VIVO Black Fully Adjustable 13 to 32 inch Single Computer Monitor and Laptop Desk Mount Combo, Stand with Grommet Option | Fits up to 17 inch Laptops (STAND-V002C): 'NoneType' object has no attribute 'text'
2023-10-26 00:50:33 [ERROR] - An error occurred while fetching data for Razer Goliathus Extended Chroma Gaming Mousepad: Customizable Chroma RGB Lighting - Soft, Cloth Material - Balanced Control & Speed - Non-Slip Rubber Base - Classic Black, Wide: 'NoneType' object has no attribute 'text'
2023-10-26 00:50:34 [ERROR] - An error occurred while fetching data for VIVO Black Fully Adjustable 13 to 32 inch Single Computer Monitor and Laptop Desk Mount Combo, Stand with Grommet Option | Fits up to 17 inch Laptops (STAND-V002C): 'NoneType' object has no attribute 'text'
2023-10-26 00:50:34 [ERROR] - An error occurred while fetching data for Razer Goliathus Extended Chroma Gaming Mousepad: Customizable Chroma RGB Lighting - Soft, Cloth Material - Balanced Control & Speed - Non-Slip Rubber Base - Classic Black, Wide: 'NoneType' object has no attribute 'text'
2023-10-26 00:50:34 [ERROR] - An error occurred while fetching data for VIVO Black Fully Adjustable 13 to 32 inch Single Computer Monitor and Laptop Desk Mount Combo, Stand with Grommet Option | Fits up to 17 inch Laptops (STAND-V002C): 'NoneType' object has no attribute 'text'
2023-10-26 00:50:34 [ERROR] - An error occurred while fetching data for Razer Goliathus Extended Chroma Gaming Mousepad: Customizable Chroma RGB Lighting - Soft, Cloth Material - Balanced Control & Speed - Non-Slip Rubber Base - Classic Black, Wide: 'NoneType' object has no attribute 'text'
2023-10-26 00:50:34 [ERROR] - An error occurred while fetching data for VIVO Black Fully Adjustable 13 to 32 inch Single Computer Monitor and Laptop Desk Mount Combo, Stand with Grommet Option | Fits up to 17 inch Laptops (STAND-V002C): 'NoneType' object has no attribute 'text'
2023-10-26 00:50:34 [ERROR] - An error occurred while fetching data for Razer Goliathus Extended Chroma Gaming Mousepad: Customizable Chroma RGB Lighting - Soft, Cloth Material - Balanced Control & Speed - Non-Slip Rubber Base - Classic Black, Wide: 'NoneType' object has no attribute 'text'
2023-10-26 00:50:35 [ERROR] - An error occurred while fetching data for VIVO Black Fully Adjustable 13 to 32 inch Single Computer Monitor and Laptop Desk Mount Combo, Stand with Grommet Option | Fits up to 17 inch Laptops (STAND-V002C): 'NoneType' object has no attribute 'text'
2023-10-26 00:50:35 [ERROR] - An error occurred while fetching data for Razer Goliathus Extended Chroma Gaming Mousepad: Customizable Chroma RGB Lighting - Soft, Cloth Material - Balanced Control & Speed - Non-Slip Rubber Base - Classic Black, Wide: 'NoneType' object has no attribute 'text'
2023-10-26 00:50:35 [ERROR] - An error occurred while fetching data for VIVO Black Fully Adjustable 13 to 32 inch Single Computer Monitor and Laptop Desk Mount Combo, Stand with Grommet Option | Fits up to 17 inch Laptops (STAND-V002C): 'NoneType' object has no attribute 'text'
2023-10-26 00:50:35 [ERROR] - An error occurred while fetching data for Razer Goliathus Extended Chroma Gaming Mousepad: Customizable Chroma RGB Lighting - Soft, Cloth Material - Balanced Control & Speed - Non-Slip Rubber Base - Classic Black, Wide: 'NoneType' object has no attribute 'text'
2023-10-26 00:50:35 [ERROR] - An error occurred while fetching data for VIVO Black Fully Adjustable 13 to 32 inch Single Computer Monitor and Laptop Desk Mount Combo, Stand with Grommet Option | Fits up to 17 inch Laptops (STAND-V002C): 'NoneType' object has no attribute 'text'
2023-10-26 00:50:35 [ERROR] - An error occurred while fetching data for Razer Goliathus Extended Chroma Gaming Mousepad: Customizable Chroma RGB Lighting - Soft, Cloth Material - Balanced Control & Speed - Non-Slip Rubber Base - Classic Black, Wide: 'NoneType' object has no attribute 'text'
2023-10-26 00:50:35 [ERROR] - An error occurred while fetching data for Razer Goliathus Extended Chroma Gaming Mousepad: Customizable Chroma RGB Lighting - Soft, Cloth Material - Balanced Control & Speed - Non-Slip Rubber Base - Classic Black, Wide: 'NoneType' object has no attribute 'text'
2023-10-26 00:50:35 [ERROR] - An error occurred while fetching data for VIVO Black Fully Adjustable 13 to 32 inch Single Computer Monitor and Laptop Desk Mount Combo, Stand with Grommet Option | Fits up to 17 inch Laptops (STAND-V002C): 'NoneType' object has no attribute 'text'
2023-10-26 00:50:36 [ERROR] - An error occurred while fetching data for Razer Goliathus Extended Chroma Gaming Mousepad: Customizable Chroma RGB Lighting - Soft, Cloth Material - Balanced Control & Speed - Non-Slip Rubber Base - Classic Black, Wide: 'NoneType' object has no attribute 'text'
2023-10-26 00:50:36 [ERROR] - An error occurred while fetching data for VIVO Black Fully Adjustable 13 to 32 inch Single Computer Monitor and Laptop Desk Mount Combo, Stand with Grommet Option | Fits up to 17 inch Laptops (STAND-V002C): 'NoneType' object has no attribute 'text'
2023-10-26 00:50:36 [ERROR] - An error occurred while fetching data for VIVO Black Fully Adjustable 13 to 32 inch Single Computer Monitor and Laptop Desk Mount Combo, Stand with Grommet Option | Fits up to 17 inch Laptops (STAND-V002C): 'NoneType' object has no attribute 'text'
2023-10-26 00:50:36 [ERROR] - An error occurred while fetching data for Razer Goliathus Extended Chroma Gaming Mousepad: Customizable Chroma RGB Lighting - Soft, Cloth Material - Balanced Control & Speed - Non-Slip Rubber Base - Classic Black, Wide: 'NoneType' object has no attribute 'text'
2023-10-26 00:50:36 [ERROR] - An error occurred while fetching data for Razer Goliathus Extended Chroma Gaming Mousepad: Customizable Chroma RGB Lighting - Soft, Cloth Material - Balanced Control & Speed - Non-Slip Rubber Base - Classic Black, Wide: 'NoneType' object has no attribute 'text'
2023-10-26 00:50:36 [ERROR] - An error occurred while fetching data for VIVO Black Fully Adjustable 13 to 32 inch Single Computer Monitor and Laptop Desk Mount Combo, Stand with Grommet Option | Fits up to 17 inch Laptops (STAND-V002C): 'NoneType' object has no attribute 'text'
2023-10-26 00:50:37 [ERROR] - An error occurred while fetching data for Razer Goliathus Extended Chroma Gaming Mousepad: Customizable Chroma RGB Lighting - Soft, Cloth Material - Balanced Control & Speed - Non-Slip Rubber Base - Classic Black, Wide: 'NoneType' object has no attribute 'text'
2023-10-26 00:50:37 [ERROR] - An error occurred while fetching data for VIVO Black Fully Adjustable 13 to 32 inch Single Computer Monitor and Laptop Desk Mount Combo, Stand with Grommet Option | Fits up to 17 inch Laptops (STAND-V002C): 'NoneType' object has no attribute 'text'
2023-10-26 00:50:37 [ERROR] - An error occurred while fetching data for Razer Goliathus Extended Chroma Gaming Mousepad: Customizable Chroma RGB Lighting - Soft, Cloth Material - Balanced Control & Speed - Non-Slip Rubber Base - Classic Black, Wide: 'NoneType' object has no attribute 'text'
2023-10-26 00:50:37 [ERROR] - An error occurred while fetching data for Razer Goliathus Extended Chroma Gaming Mousepad: Customizable Chroma RGB Lighting - Soft, Cloth Material - Balanced Control & Speed - Non-Slip Rubber Base - Classic Black, Wide: 'NoneType' object has no attribute 'text'
2023-10-26 00:50:37 [ERROR] - An error occurred while fetching data for VIVO Black Fully Adjustable 13 to 32 inch Single Computer Monitor and Laptop Desk Mount Combo, Stand with Grommet Option | Fits up to 17 inch Laptops (STAND-V002C): 'NoneType' object has no attribute 'text'
2023-10-26 00:50:37 [ERROR] - An error occurred while fetching data for Razer Goliathus Extended Chroma Gaming Mousepad: Customizable Chroma RGB Lighting - Soft, Cloth Material - Balanced Control & Speed - Non-Slip Rubber Base - Classic Black, Wide: 'NoneType' object has no attribute 'text'
2023-10-26 00:50:38 [ERROR] - An error occurred while fetching data for VIVO Black Fully Adjustable 13 to 32 inch Single Computer Monitor and Laptop Desk Mount Combo, Stand with Grommet Option | Fits up to 17 inch Laptops (STAND-V002C): 'NoneType' object has no attribute 'text'
2023-10-26 00:50:38 [ERROR] - An error occurred while fetching data for Razer Goliathus Extended Chroma Gaming Mousepad: Customizable Chroma RGB Lighting - Soft, Cloth Material - Balanced Control & Speed - Non-Slip Rubber Base - Classic Black, Wide: 'NoneType' object has no attribute 'text'
2023-10-26 00:50:38 [ERROR] - An error occurred while fetching data for VIVO Black Fully Adjustable 13 to 32 inch Single Computer Monitor and Laptop Desk Mount Combo, Stand with Grommet Option | Fits up to 17 inch Laptops (STAND-V002C): 'NoneType' object has no attribute 'text'
2023-10-26 00:50:38 [ERROR] - An error occurred while fetching data for Razer Goliathus Extended Chroma Gaming Mousepad: Customizable Chroma RGB Lighting - Soft, Cloth Material - Balanced Control & Speed - Non-Slip Rubber Base - Classic Black, Wide: 'NoneType' object has no attribute 'text'
2023-10-26 00:50:38 [ERROR] - An error occurred while fetching data for VIVO Black Fully Adjustable 13 to 32 inch Single Computer Monitor and Laptop Desk Mount Combo, Stand with Grommet Option | Fits up to 17 inch Laptops (STAND-V002C): 'NoneType' object has no attribute 'text'
2023-10-26 00:50:38 [ERROR] - An error occurred while fetching data for Razer Goliathus Extended Chroma Gaming Mousepad: Customizable Chroma RGB Lighting - Soft, Cloth Material - Balanced Control & Speed - Non-Slip Rubber Base - Classic Black, Wide: 'NoneType' object has no attribute 'text'
2023-10-26 00:50:39 [ERROR] - An error occurred while fetching data for VIVO Black Fully Adjustable 13 to 32 inch Single Computer Monitor and Laptop Desk Mount Combo, Stand with Grommet Option | Fits up to 17 inch Laptops (STAND-V002C): 'NoneType' object has no attribute 'text'
2023-10-26 00:50:39 [ERROR] - An error occurred while fetching data for Razer Goliathus Extended Chroma Gaming Mousepad: Customizable Chroma RGB Lighting - Soft, Cloth Material - Balanced Control & Speed - Non-Slip Rubber Base - Classic Black, Wide: 'NoneType' object has no attribute 'text'
2023-10-26 00:50:39 [ERROR] - An error occurred while fetching data for VIVO Black Fully Adjustable 13 to 32 inch Single Computer Monitor and Laptop Desk Mount Combo, Stand with Grommet Option | Fits up to 17 inch Laptops (STAND-V002C): 'NoneType' object has no attribute 'text'
2023-10-26 00:50:39 [ERROR] - An error occurred while fetching data for Razer Goliathus Extended Chroma Gaming Mousepad: Customizable Chroma RGB Lighting - Soft, Cloth Material - Balanced Control & Speed - Non-Slip Rubber Base - Classic Black, Wide: 'NoneType' object has no attribute 'text'
2023-10-26 00:50:39 [ERROR] - An error occurred while fetching data for VIVO Black Fully Adjustable 13 to 32 inch Single Computer Monitor and Laptop Desk Mount Combo, Stand with Grommet Option | Fits up to 17 inch Laptops (STAND-V002C): 'NoneType' object has no attribute 'text'
2023-10-26 00:50:39 [ERROR] - An error occurred while fetching data for Razer Goliathus Extended Chroma Gaming Mousepad: Customizable Chroma RGB Lighting - Soft, Cloth Material - Balanced Control & Speed - Non-Slip Rubber Base - Classic Black, Wide: 'NoneType' object has no attribute 'text'
2023-10-26 00:50:39 [ERROR] - An error occurred while fetching data for VIVO Black Fully Adjustable 13 to 32 inch Single Computer Monitor and Laptop Desk Mount Combo, Stand with Grommet Option | Fits up to 17 inch Laptops (STAND-V002C): 'NoneType' object has no attribute 'text'
2023-10-26 00:50:40 [ERROR] - An error occurred while fetching data for VIVO Black Fully Adjustable 13 to 32 inch Single Computer Monitor and Laptop Desk Mount Combo, Stand with Grommet Option | Fits up to 17 inch Laptops (STAND-V002C): 'NoneType' object has no attribute 'text'
2023-10-26 00:50:40 [ERROR] - An error occurred while fetching data for VIVO Black Fully Adjustable 13 to 32 inch Single Computer Monitor and Laptop Desk Mount Combo, Stand with Grommet Option | Fits up to 17 inch Laptops (STAND-V002C): 'NoneType' object has no attribute 'text'
2023-10-26 00:50:40 [ERROR] - An error occurred while fetching data for VIVO Black Fully Adjustable 13 to 32 inch Single Computer Monitor and Laptop Desk Mount Combo, Stand with Grommet Option | Fits up to 17 inch Laptops (STAND-V002C): 'NoneType' object has no attribute 'text'
2023-10-26 00:50:40 [ERROR] - An error occurred while fetching data for VIVO Black Fully Adjustable 13 to 32 inch Single Computer Monitor and Laptop Desk Mount Combo, Stand with Grommet Option | Fits up to 17 inch Laptops (STAND-V002C): 'NoneType' object has no attribute 'text'
2023-10-26 00:50:41 [ERROR] - An error occurred while fetching data for VIVO Black Fully Adjustable 13 to 32 inch Single Computer Monitor and Laptop Desk Mount Combo, Stand with Grommet Option | Fits up to 17 inch Laptops (STAND-V002C): 'NoneType' object has no attribute 'text'
2023-10-26 00:50:41 [ERROR] - An error occurred while fetching data for VIVO Black Fully Adjustable 13 to 32 inch Single Computer Monitor and Laptop Desk Mount Combo, Stand with Grommet Option | Fits up to 17 inch Laptops (STAND-V002C): 'NoneType' object has no attribute 'text'
2023-10-26 00:50:41 [ERROR] - An error occurred while fetching data for VIVO Black Fully Adjustable 13 to 32 inch Single Computer Monitor and Laptop Desk Mount Combo, Stand with Grommet Option | Fits up to 17 inch Laptops (STAND-V002C): 'NoneType' object has no attribute 'text'
2023-10-26 00:50:42 [ERROR] - An error occurred while fetching data for VIVO Black Fully Adjustable 13 to 32 inch Single Computer Monitor and Laptop Desk Mount Combo, Stand with Grommet Option | Fits up to 17 inch Laptops (STAND-V002C): 'NoneType' object has no attribute 'text'
2023-10-26 00:50:42 [ERROR] - An error occurred while fetching data for VIVO Black Fully Adjustable 13 to 32 inch Single Computer Monitor and Laptop Desk Mount Combo, Stand with Grommet Option | Fits up to 17 inch Laptops (STAND-V002C): 'NoneType' object has no attribute 'text'
2023-10-26 00:50:42 [ERROR] - An error occurred while fetching data for VIVO Black Fully Adjustable 13 to 32 inch Single Computer Monitor and Laptop Desk Mount Combo, Stand with Grommet Option | Fits up to 17 inch Laptops (STAND-V002C): 'NoneType' object has no attribute 'text'
2023-10-26 00:50:42 [ERROR] - An error occurred while fetching data for VIVO Black Fully Adjustable 13 to 32 inch Single Computer Monitor and Laptop Desk Mount Combo, Stand with Grommet Option | Fits up to 17 inch Laptops (STAND-V002C): 'NoneType' object has no attribute 'text'
2023-10-26 00:50:43 [ERROR] - An error occurred while fetching data for VIVO Black Fully Adjustable 13 to 32 inch Single Computer Monitor and Laptop Desk Mount Combo, Stand with Grommet Option | Fits up to 17 inch Laptops (STAND-V002C): 'NoneType' object has no attribute 'text'
2023-10-26 00:50:43 [ERROR] - An error occurred while fetching data for VIVO Black Fully Adjustable 13 to 32 inch Single Computer Monitor and Laptop Desk Mount Combo, Stand with Grommet Option | Fits up to 17 inch Laptops (STAND-V002C): 'NoneType' object has no attribute 'text'
2023-10-26 00:50:43 [ERROR] - An error occurred while fetching data for         realme narzo N53 (Feather Gold, 4GB+64GB) 33W Segment Fastest Charging | Slimmest Phone in Segment | 90 Hz Smooth Display       : 'NoneType' object has no attribute 'text'
2023-10-26 00:50:43 [ERROR] - An error occurred while fetching data for VIVO Black Fully Adjustable 13 to 32 inch Single Computer Monitor and Laptop Desk Mount Combo, Stand with Grommet Option | Fits up to 17 inch Laptops (STAND-V002C): 'NoneType' object has no attribute 'text'
2023-10-26 00:50:44 [ERROR] - An error occurred while fetching data for VIVO Black Fully Adjustable 13 to 32 inch Single Computer Monitor and Laptop Desk Mount Combo, Stand with Grommet Option | Fits up to 17 inch Laptops (STAND-V002C): 'NoneType' object has no attribute 'text'
2023-10-26 00:50:44 [ERROR] - An error occurred while fetching data for VIVO Black Fully Adjustable 13 to 32 inch Single Computer Monitor and Laptop Desk Mount Combo, Stand with Grommet Option | Fits up to 17 inch Laptops (STAND-V002C): 'NoneType' object has no attribute 'text'
2023-10-26 00:50:44 [ERROR] - An error occurred while fetching data for         realme narzo N53 (Feather Gold, 4GB+64GB) 33W Segment Fastest Charging | Slimmest Phone in Segment | 90 Hz Smooth Display       : 'NoneType' object has no attribute 'text'
2023-10-26 00:50:44 [ERROR] - An error occurred while fetching data for VIVO Black Fully Adjustable 13 to 32 inch Single Computer Monitor and Laptop Desk Mount Combo, Stand with Grommet Option | Fits up to 17 inch Laptops (STAND-V002C): 'NoneType' object has no attribute 'text'
2023-10-26 00:50:44 [ERROR] - An error occurred while fetching data for VIVO Black Fully Adjustable 13 to 32 inch Single Computer Monitor and Laptop Desk Mount Combo, Stand with Grommet Option | Fits up to 17 inch Laptops (STAND-V002C): 'NoneType' object has no attribute 'text'
2023-10-26 00:50:45 [ERROR] - An error occurred while fetching data for VIVO Black Fully Adjustable 13 to 32 inch Single Computer Monitor and Laptop Desk Mount Combo, Stand with Grommet Option | Fits up to 17 inch Laptops (STAND-V002C): 'NoneType' object has no attribute 'text'
2023-10-26 00:50:45 [ERROR] - An error occurred while fetching data for VIVO Black Fully Adjustable 13 to 32 inch Single Computer Monitor and Laptop Desk Mount Combo, Stand with Grommet Option | Fits up to 17 inch Laptops (STAND-V002C): 'NoneType' object has no attribute 'text'
2023-10-26 00:50:45 [ERROR] - An error occurred while fetching data for         realme narzo N53 (Feather Gold, 4GB+64GB) 33W Segment Fastest Charging | Slimmest Phone in Segment | 90 Hz Smooth Display       : 'NoneType' object has no attribute 'text'
2023-10-26 00:50:45 [ERROR] - An error occurred while fetching data for VIVO Black Fully Adjustable 13 to 32 inch Single Computer Monitor and Laptop Desk Mount Combo, Stand with Grommet Option | Fits up to 17 inch Laptops (STAND-V002C): 'NoneType' object has no attribute 'text'
2023-10-26 00:50:46 [ERROR] - An error occurred while fetching data for VIVO Black Fully Adjustable 13 to 32 inch Single Computer Monitor and Laptop Desk Mount Combo, Stand with Grommet Option | Fits up to 17 inch Laptops (STAND-V002C): 'NoneType' object has no attribute 'text'
2023-10-26 00:50:49 [ERROR] - An error occurred while fetching data for Razer Goliathus Extended Chroma Gaming Mousepad: Customizable Chroma RGB Lighting - Soft, Cloth Material - Balanced Control & Speed - Non-Slip Rubber Base - Classic Black, Wide: 'NoneType' object has no attribute 'text'
2023-10-26 00:50:49 [ERROR] - An error occurred while fetching data for Razer Goliathus Extended Chroma Gaming Mousepad: Customizable Chroma RGB Lighting - Soft, Cloth Material - Balanced Control & Speed - Non-Slip Rubber Base - Classic Black, Wide: 'NoneType' object has no attribute 'text'
2023-10-26 00:50:49 [ERROR] - An error occurred while fetching data for Razer Goliathus Extended Chroma Gaming Mousepad: Customizable Chroma RGB Lighting - Soft, Cloth Material - Balanced Control & Speed - Non-Slip Rubber Base - Classic Black, Wide: 'NoneType' object has no attribute 'text'
2023-10-26 00:50:49 [ERROR] - An error occurred while fetching data for Razer Goliathus Extended Chroma Gaming Mousepad: Customizable Chroma RGB Lighting - Soft, Cloth Material - Balanced Control & Speed - Non-Slip Rubber Base - Classic Black, Wide: 'NoneType' object has no attribute 'text'
2023-10-26 00:50:49 [ERROR] - An error occurred while fetching data for         Amazon Fire TV 32" 2-Series HD smart TV, stream live TV without cable       : 'NoneType' object has no attribute 'text'
2023-10-26 00:50:50 [ERROR] - An error occurred while fetching data for Razer Goliathus Extended Chroma Gaming Mousepad: Customizable Chroma RGB Lighting - Soft, Cloth Material - Balanced Control & Speed - Non-Slip Rubber Base - Classic Black, Wide: 'NoneType' object has no attribute 'text'
2023-10-26 00:50:50 [ERROR] - An error occurred while fetching data for         Amazon Fire TV 32" 2-Series HD smart TV, stream live TV without cable       : 'NoneType' object has no attribute 'text'
2023-10-26 00:50:50 [ERROR] - An error occurred while fetching data for Razer Goliathus Extended Chroma Gaming Mousepad: Customizable Chroma RGB Lighting - Soft, Cloth Material - Balanced Control & Speed - Non-Slip Rubber Base - Classic Black, Wide: 'NoneType' object has no attribute 'text'
2023-10-26 00:50:50 [ERROR] - An error occurred while fetching data for         Amazon Fire TV 32" 2-Series HD smart TV, stream live TV without cable       : 'NoneType' object has no attribute 'text'
2023-10-26 00:50:50 [ERROR] - An error occurred while fetching data for Razer Goliathus Extended Chroma Gaming Mousepad: Customizable Chroma RGB Lighting - Soft, Cloth Material - Balanced Control & Speed - Non-Slip Rubber Base - Classic Black, Wide: 'NoneType' object has no attribute 'text'
2023-10-26 00:50:50 [ERROR] - An error occurred while fetching data for         Amazon Fire TV 32" 2-Series HD smart TV, stream live TV without cable       : 'NoneType' object has no attribute 'text'
2023-10-26 00:50:51 [ERROR] - An error occurred while fetching data for Razer Goliathus Extended Chroma Gaming Mousepad: Customizable Chroma RGB Lighting - Soft, Cloth Material - Balanced Control & Speed - Non-Slip Rubber Base - Classic Black, Wide: 'NoneType' object has no attribute 'text'
2023-10-26 00:50:51 [ERROR] - An error occurred while fetching data for         Amazon Fire TV 32" 2-Series HD smart TV, stream live TV without cable       : 'NoneType' object has no attribute 'text'
2023-10-26 00:50:51 [ERROR] - An error occurred while fetching data for Razer Goliathus Extended Chroma Gaming Mousepad: Customizable Chroma RGB Lighting - Soft, Cloth Material - Balanced Control & Speed - Non-Slip Rubber Base - Classic Black, Wide: 'NoneType' object has no attribute 'text'
2023-10-26 00:50:51 [ERROR] - An error occurred while fetching data for         Amazon Fire TV 32" 2-Series HD smart TV, stream live TV without cable       : 'NoneType' object has no attribute 'text'
2023-10-26 00:50:51 [ERROR] - An error occurred while fetching data for Razer Goliathus Extended Chroma Gaming Mousepad: Customizable Chroma RGB Lighting - Soft, Cloth Material - Balanced Control & Speed - Non-Slip Rubber Base - Classic Black, Wide: 'NoneType' object has no attribute 'text'
2023-10-26 00:50:51 [ERROR] - An error occurred while fetching data for         Amazon Fire TV 32" 2-Series HD smart TV, stream live TV without cable       : 'NoneType' object has no attribute 'text'
2023-10-26 00:50:51 [ERROR] - An error occurred while fetching data for Razer Goliathus Extended Chroma Gaming Mousepad: Customizable Chroma RGB Lighting - Soft, Cloth Material - Balanced Control & Speed - Non-Slip Rubber Base - Classic Black, Wide: 'NoneType' object has no attribute 'text'
2023-10-26 00:51:02 [ERROR] - An error occurred while fetching data for Razer Goliathus Extended Chroma Gaming Mousepad: Customizable Chroma RGB Lighting - Soft, Cloth Material - Balanced Control & Speed - Non-Slip Rubber Base - Classic Black, Wide: 'NoneType' object has no attribute 'text'
2023-10-26 00:51:02 [INFO] - Product Checked on - 2023-10-26 00:51:02
2023-10-26 00:51:38 [ERROR] - An error occurred while fetching data for Amazon Fire TV 32" 2-Series HD smart TV, stream live TV without cable       : 'NoneType' object has no attribute 'text'
2023-10-26 00:51:44 [INFO] -  * Detected change in 'C:\\Users\\aksha\\Desktop\\IS_test\\practice_po\\Python-Amazon-Price-Tracker\\tracker_server.py', reloading
2023-10-26 00:51:46 [INFO] - Product Checked on - 2023-10-26 00:51:46
2023-10-26 01:06:01 [INFO] - [31m[1mWARNING: This is a development server. Do not use it in a production deployment. Use a production WSGI server instead.[0m
 * Running on all addresses (0.0.0.0)
 * Running on http://127.0.0.1:10086
 *
 2023-11-02 09:33:30 [INFO] - Product Checked on - 2023-11-02 09:33:30
